<?xml version="1.0" encoding="UTF-8"?>
<testsuite name="demo.service.OrderServiceSpec" tests="3" skipped="0" failures="0" errors="0" timestamp="2019-03-06T07:16:33" hostname="ttn" time="0.09">
  <properties/>
  <testcase name="Testing PlaceOrder() mocking example" classname="demo.service.OrderServiceSpec" time="0.081"/>
  <testcase name="Testing PlaceOrder() stubing example: 1" classname="demo.service.OrderServiceSpec" time="0.001"/>
  <testcase name="Testing PlaceOrder() stubing example: 2" classname="demo.service.OrderServiceSpec" time="0.0"/>
  <system-out><![CDATA[]]></system-out>
  <system-err><![CDATA[]]></system-err>
</testsuite>
